[07-Mar-2020 17:49:27 UTC] PHP Warning:  An unexpected error occurred. Something may be wrong with WordPress.org or this server&#8217;s configuration. If you continue to have problems, please try the <a href="https://wordpress.org/support/forums/">support forums</a>. (WordPress could not establish a secure connection to WordPress.org. Please contact your server administrator.) in /Users/ryzm/Local Sites/amazing-college/app/public/wp-includes/update.php on line 162
[07-Mar-2020 17:49:27 UTC] PHP Stack trace:
[07-Mar-2020 17:49:27 UTC] PHP   1. {main}() /Users/ryzm/Local Sites/amazing-college/app/public/wp-cron.php:0
[07-Mar-2020 17:49:27 UTC] PHP   2. do_action_ref_array() /Users/ryzm/Local Sites/amazing-college/app/public/wp-cron.php:138
[07-Mar-2020 17:49:27 UTC] PHP   3. WP_Hook->do_action() /Users/ryzm/Local Sites/amazing-college/app/public/wp-includes/plugin.php:544
[07-Mar-2020 17:49:27 UTC] PHP   4. WP_Hook->apply_filters() /Users/ryzm/Local Sites/amazing-college/app/public/wp-includes/class-wp-hook.php:312
[07-Mar-2020 17:49:27 UTC] PHP   5. wp_version_check() /Users/ryzm/Local Sites/amazing-college/app/public/wp-includes/class-wp-hook.php:288
[07-Mar-2020 17:49:27 UTC] PHP   6. trigger_error() /Users/ryzm/Local Sites/amazing-college/app/public/wp-includes/update.php:162
[07-Mar-2020 17:50:30 UTC] PHP Warning:  An unexpected error occurred. Something may be wrong with WordPress.org or this server&#8217;s configuration. If you continue to have problems, please try the <a href="https://wordpress.org/support/forums/">support forums</a>. (WordPress could not establish a secure connection to WordPress.org. Please contact your server administrator.) in /Users/ryzm/Local Sites/amazing-college/app/public/wp-includes/update.php on line 388
[07-Mar-2020 17:50:30 UTC] PHP Stack trace:
[07-Mar-2020 17:50:30 UTC] PHP   1. {main}() /Users/ryzm/Local Sites/amazing-college/app/public/wp-cron.php:0
[07-Mar-2020 17:50:30 UTC] PHP   2. do_action_ref_array() /Users/ryzm/Local Sites/amazing-college/app/public/wp-cron.php:138
[07-Mar-2020 17:50:30 UTC] PHP   3. WP_Hook->do_action() /Users/ryzm/Local Sites/amazing-college/app/public/wp-includes/plugin.php:544
[07-Mar-2020 17:50:30 UTC] PHP   4. WP_Hook->apply_filters() /Users/ryzm/Local Sites/amazing-college/app/public/wp-includes/class-wp-hook.php:312
[07-Mar-2020 17:50:30 UTC] PHP   5. wp_update_plugins() /Users/ryzm/Local Sites/amazing-college/app/public/wp-includes/class-wp-hook.php:288
[07-Mar-2020 17:50:30 UTC] PHP   6. trigger_error() /Users/ryzm/Local Sites/amazing-college/app/public/wp-includes/update.php:388
[07-Mar-2020 17:50:31 UTC] PHP Warning:  An unexpected error occurred. Something may be wrong with WordPress.org or this server&#8217;s configuration. If you continue to have problems, please try the <a href="https://wordpress.org/support/forums/">support forums</a>. (WordPress could not establish a secure connection to WordPress.org. Please contact your server administrator.) in /Users/ryzm/Local Sites/amazing-college/app/public/wp-includes/update.php on line 577
[07-Mar-2020 17:50:31 UTC] PHP Stack trace:
[07-Mar-2020 17:50:31 UTC] PHP   1. {main}() /Users/ryzm/Local Sites/amazing-college/app/public/wp-cron.php:0
[07-Mar-2020 17:50:31 UTC] PHP   2. do_action_ref_array() /Users/ryzm/Local Sites/amazing-college/app/public/wp-cron.php:138
[07-Mar-2020 17:50:31 UTC] PHP   3. WP_Hook->do_action() /Users/ryzm/Local Sites/amazing-college/app/public/wp-includes/plugin.php:544
[07-Mar-2020 17:50:31 UTC] PHP   4. WP_Hook->apply_filters() /Users/ryzm/Local Sites/amazing-college/app/public/wp-includes/class-wp-hook.php:312
[07-Mar-2020 17:50:31 UTC] PHP   5. wp_update_themes() /Users/ryzm/Local Sites/amazing-college/app/public/wp-includes/class-wp-hook.php:288
[07-Mar-2020 17:50:31 UTC] PHP   6. trigger_error() /Users/ryzm/Local Sites/amazing-college/app/public/wp-includes/update.php:577
[08-Mar-2020 19:15:53 UTC] PHP Warning:  A non-numeric value encountered in /Users/ryzm/Local Sites/amazing-college/app/public/wp-content/themes/cool/index.php on line 19
[08-Mar-2020 19:15:53 UTC] PHP Stack trace:
[08-Mar-2020 19:15:53 UTC] PHP   1. {main}() /Users/ryzm/Local Sites/amazing-college/app/public/index.php:0
[08-Mar-2020 19:15:53 UTC] PHP   2. require() /Users/ryzm/Local Sites/amazing-college/app/public/index.php:17
[08-Mar-2020 19:15:53 UTC] PHP   3. require_once() /Users/ryzm/Local Sites/amazing-college/app/public/wp-blog-header.php:19
[08-Mar-2020 19:15:53 UTC] PHP   4. include() /Users/ryzm/Local Sites/amazing-college/app/public/wp-includes/template-loader.php:98
[08-Mar-2020 19:15:53 UTC] PHP Warning:  A non-numeric value encountered in /Users/ryzm/Local Sites/amazing-college/app/public/wp-content/themes/cool/index.php on line 19
[08-Mar-2020 19:15:53 UTC] PHP Stack trace:
[08-Mar-2020 19:15:53 UTC] PHP   1. {main}() /Users/ryzm/Local Sites/amazing-college/app/public/index.php:0
[08-Mar-2020 19:15:53 UTC] PHP   2. require() /Users/ryzm/Local Sites/amazing-college/app/public/index.php:17
[08-Mar-2020 19:15:53 UTC] PHP   3. require_once() /Users/ryzm/Local Sites/amazing-college/app/public/wp-blog-header.php:19
[08-Mar-2020 19:15:53 UTC] PHP   4. include() /Users/ryzm/Local Sites/amazing-college/app/public/wp-includes/template-loader.php:98
[08-Mar-2020 19:15:53 UTC] PHP Warning:  A non-numeric value encountered in /Users/ryzm/Local Sites/amazing-college/app/public/wp-content/themes/cool/index.php on line 19
[08-Mar-2020 19:15:53 UTC] PHP Stack trace:
[08-Mar-2020 19:15:53 UTC] PHP   1. {main}() /Users/ryzm/Local Sites/amazing-college/app/public/index.php:0
[08-Mar-2020 19:15:53 UTC] PHP   2. require() /Users/ryzm/Local Sites/amazing-college/app/public/index.php:17
[08-Mar-2020 19:15:53 UTC] PHP   3. require_once() /Users/ryzm/Local Sites/amazing-college/app/public/wp-blog-header.php:19
[08-Mar-2020 19:15:53 UTC] PHP   4. include() /Users/ryzm/Local Sites/amazing-college/app/public/wp-includes/template-loader.php:98
[09-Mar-2020 01:08:13 UTC] PHP Fatal error:  Uncaught Exception: DateTime::__construct(): Failed to parse time string (21/03/2020) at position 0 (2): Unexpected character in /Users/ryzm/Local Sites/amazing-college/app/public/wp-content/themes/cool/front-page.php:37
Stack trace:
#0 /Users/ryzm/Local Sites/amazing-college/app/public/wp-content/themes/cool/front-page.php(37): DateTime->__construct('21/03/2020')
#1 /Users/ryzm/Local Sites/amazing-college/app/public/wp-includes/template-loader.php(98): include('/Users/ryzm/Loc...')
#2 /Users/ryzm/Local Sites/amazing-college/app/public/wp-blog-header.php(19): require_once('/Users/ryzm/Loc...')
#3 /Users/ryzm/Local Sites/amazing-college/app/public/index.php(17): require('/Users/ryzm/Loc...')
#4 {main}
  thrown in /Users/ryzm/Local Sites/amazing-college/app/public/wp-content/themes/cool/front-page.php on line 37
